#
# A fatal error has been detected by the Java Runtime Environment:
#
#  SIGSEGV (0xb) at pc=0x000000011b386e43, pid=8604, tid=51463
#
# JRE version: Java(TM) SE Runtime Environment (8.0_66-b17) (build 1.8.0_66-b17)
# Java VM: Java HotSpot(TM) 64-Bit Server VM (25.66-b17 mixed mode bsd-amd64 compressed oops)
# Problematic frame:
# C  [libawt_lwawt.dylib+0x1ae43]  OGLSD_SetScratchSurface+0x49
#
# Failed to write core dump. Core dumps have been disabled. To enable core dumping, try "ulimit -c unlimited" before starting Java again
#
# If you would like to submit a bug report, please visit:
#   http://bugreport.java.com/bugreport/crash.jsp
# The crash happened outside the Java Virtual Machine in native code.
# See problematic frame for where to report the bug.
#

---------------  T H R E A D  ---------------

Current thread (0x00007fdd821a7000):  JavaThread "Java2D Queue Flusher" daemon [_thread_in_native, id=51463, stack(0x000070000155f000,0x000070000165f000)]

siginfo: si_signo: 11 (SIGSEGV), si_code: 1 (SEGV_MAPERR), si_addr: 0x0000000000000002

Registers:
RAX=0x00000000ffffffff, RBX=0x0000000000000002, RCX=0x0000000000000047, RDX=0x000000011b3a78ec
RSP=0x000070000165e6e0, RBP=0x000070000165e700, RSI=0x00007fdd815a4ba0, RDI=0x00007fdd821a71f8
R8 =0x00000000fffffffc, R9 =0x00007fdd81591640, R10=0x000000010659b928, R11=0x0000000105adbd77
R12=0x0000000000000000, R13=0x0000000118420ec0, R14=0x00007fdd821a71f8, R15=0x00007fdd821a7000
RIP=0x000000011b386e43, EFLAGS=0x0000000000010202, ERR=0x0000000000000004
  TRAPNO=0x000000000000000e

Top of Stack: (sp=0x000070000165e6e0)
0x000070000165e6e0:   00007fdd815a4ba0 0000000000000000
0x000070000165e6f0:   00007fdd821c7a10 00007fdd821a7000
0x000070000165e700:   000070000165e780 000000011b3a73ca
0x000070000165e710:   00007fdd821a7000 000000028290bb4a
0x000070000165e720:   0000000000000000 00000001056d0de0
0x000070000165e730:   0000000000000064 00007fdd821a7000
0x000070000165e740:   0000000000000bad 00007fdd821c7a20
0x000070000165e750:   00007fdd001a7000 00007fdd821a71f8
0x000070000165e760:   0000000118420ec0 0000000000000000
0x000070000165e770:   000070000165e830 00007fdd821a7000
0x000070000165e780:   000070000165e7f8 000000010659b954
0x000070000165e790:   0000000117e47148 0000000000000000
0x000070000165e7a0:   0000000117e456a0 0000000000000000
0x000070000165e7b0:   000070000165e7d0 000070000165e7b8
0x000070000165e7c0:   0000000000000000 000070000165e830
0x000070000165e7d0:   0000000118421f58 0000000000000000
0x000070000165e7e0:   0000000118420ec0 0000000000000000
0x000070000165e7f0:   000070000165e818 000070000165e878
0x000070000165e800:   000000010658dc4d 0000000000000000
0x000070000165e810:   0000000106595578 0000000000000020
0x000070000165e820:   00007fdd821c7a00 00000007abb76810
0x000070000165e830:   00000007abb767f8 000070000165e838
0x000070000165e840:   0000000118420f6d 000070000165e890
0x000070000165e850:   0000000118421f58 0000000000000000
0x000070000165e860:   0000000118420f90 000070000165e818
0x000070000165e870:   000070000165e890 000070000165e8d8
0x000070000165e880:   000000010658dc4d 0000000000000020
0x000070000165e890:   00000007abb767f8 000070000165e898
0x000070000165e8a0:   0000000118421149 000070000165e8e8
0x000070000165e8b0:   0000000118421f58 0000000000000000
0x000070000165e8c0:   0000000118421158 000070000165e890
0x000070000165e8d0:   000070000165e8e8 000070000165e940 

Instructions: (pc=0x000000011b386e43)
0x000000011b386e23:   c0 e9 82 00 00 00 48 8b 5e 10 48 85 db 75 0e bf
0x000000011b386e33:   01 00 00 00 48 8d 15 fd 75 03 00 eb d6 49 89 fe
0x000000011b386e43:   4c 8b 3b 30 c0 e8 c5 a2 02 00 49 8b 3f 49 89 c4
0x000000011b386e53:   48 8b 35 a6 f7 05 00 30 c0 e8 cb a3 02 00 48 85 

Register to memory mapping:

RAX=0x00000000ffffffff is an unknown value
RBX=0x0000000000000002 is an unknown value
RCX=0x0000000000000047 is an unknown value
RDX=0x000000011b3a78ec: Java_sun_java2d_opengl_OGLRenderQueue_flushBuffer+0xb5c in /Library/Java/JavaVirtualMachines/jdk1.8.0_66.jdk/Contents/Home/jre/lib/libawt_lwawt.dylib at 0x000000011b36c000
RSP=0x000070000165e6e0 is pointing into the stack for thread: 0x00007fdd821a7000
RBP=0x000070000165e700 is pointing into the stack for thread: 0x00007fdd821a7000
RSI=0x00007fdd815a4ba0 is an unknown value
RDI=0x00007fdd821a71f8 is an unknown value
R8 =0x00000000fffffffc is an unknown value
R9 =0x00007fdd81591640 is an unknown value
R10=0x000000010659b928 is at code_begin+808 in an Interpreter codelet
method entry point (kind = native)  [0x000000010659b600, 0x000000010659bf00]  2304 bytes
R11=0x0000000105adbd77: throw_unsatisfied_link_error+0 in /Library/Java/JavaVirtualMachines/jdk1.8.0_66.jdk/Contents/Home/jre/lib/server/libjvm.dylib at 0x0000000105600000
R12=0x0000000000000000 is an unknown value
R13={method} {0x0000000118420ec0} 'flushBuffer' '(JI)V' in 'sun/java2d/opengl/OGLRenderQueue'
R14=0x00007fdd821a71f8 is an unknown value
R15=0x00007fdd821a7000 is a thread


Stack: [0x000070000155f000,0x000070000165f000],  sp=0x000070000165e6e0,  free space=1021k
Native frames: (J=compiled Java code, j=interpreted, Vv=VM code, C=native code)
C  [libawt_lwawt.dylib+0x1ae43]  OGLSD_SetScratchSurface+0x49
C  [libawt_lwawt.dylib+0x3b3ca]  Java_sun_java2d_opengl_OGLRenderQueue_flushBuffer+0x63a
j  sun.java2d.opengl.OGLRenderQueue.flushBuffer(JI)V+0
j  sun.java2d.opengl.OGLRenderQueue.flushBuffer()V+21
j  sun.java2d.opengl.OGLRenderQueue.access$100(Lsun/java2d/opengl/OGLRenderQueue;)V+1
j  sun.java2d.opengl.OGLRenderQueue$QueueFlusher.run()V+81
v  ~StubRoutines::call_stub
V  [libjvm.dylib+0x2ea35e]  JavaCalls::call_helper(JavaValue*, methodHandle*, JavaCallArguments*, Thread*)+0x6ae
V  [libjvm.dylib+0x2eaaec]  JavaCalls::call_virtual(JavaValue*, KlassHandle, Symbol*, Symbol*, JavaCallArguments*, Thread*)+0x164
V  [libjvm.dylib+0x2eac98]  JavaCalls::call_virtual(JavaValue*, Handle, KlassHandle, Symbol*, Symbol*, Thread*)+0x4a
V  [libjvm.dylib+0x345215]  thread_entry(JavaThread*, Thread*)+0x7c
V  [libjvm.dylib+0x560b83]  JavaThread::thread_main_inner()+0x9b
V  [libjvm.dylib+0x56227e]  JavaThread::run()+0x1c2
V  [libjvm.dylib+0x482cd6]  java_start(Thread*)+0xf6
C  [libsystem_pthread.dylib+0x3c13]  _pthread_body+0x83
C  [libsystem_pthread.dylib+0x3b90]  _pthread_body+0x0
C  [libsystem_pthread.dylib+0x1375]  thread_start+0xd
C  0x0000000000000000

Java frames: (J=compiled Java code, j=interpreted, Vv=VM code)
j  sun.java2d.opengl.OGLRenderQueue.flushBuffer(JI)V+0
j  sun.java2d.opengl.OGLRenderQueue.flushBuffer()V+21
j  sun.java2d.opengl.OGLRenderQueue.access$100(Lsun/java2d/opengl/OGLRenderQueue;)V+1
j  sun.java2d.opengl.OGLRenderQueue$QueueFlusher.run()V+81
v  ~StubRoutines::call_stub

---------------  P R O C E S S  ---------------

Java Threads: ( => current thread )
  0x00007fdd82006800 JavaThread "DestroyJavaVM" [_thread_blocked, id=5891, stack(0x000070000011a000,0x000070000021a000)]
  0x00007fdd821fc000 JavaThread "Java2D Disposer" daemon [_thread_blocked, id=54543, stack(0x0000700001662000,0x0000700001762000)]
=>0x00007fdd821a7000 JavaThread "Java2D Queue Flusher" daemon [_thread_in_native, id=51463, stack(0x000070000155f000,0x000070000165f000)]
  0x00007fdd82039800 JavaThread "AWT-EventQueue-0" [_thread_blocked, id=49923, stack(0x000070000145c000,0x000070000155c000)]
  0x00007fdd8310c800 JavaThread "TimerQueue" daemon [_thread_blocked, id=43791, stack(0x0000700001359000,0x0000700001459000)]
  0x00007fdd830da800 JavaThread "AWT-Shutdown" [_thread_blocked, id=29715, stack(0x00007000011d3000,0x00007000012d3000)]
  0x00007fdd8208c000 JavaThread "AppKit Thread" daemon [_thread_in_native, id=2571, stack(0x00007fff5aa79000,0x00007fff5b279000)]
  0x00007fdd82005000 JavaThread "Service Thread" daemon [_thread_blocked, id=18947, stack(0x0000700000ec7000,0x0000700000fc7000)]
  0x00007fdd82014000 JavaThread "C1 CompilerThread2" daemon [_thread_blocked, id=18435, stack(0x0000700000dc4000,0x0000700000ec4000)]
  0x00007fdd8186d800 JavaThread "C2 CompilerThread1" daemon [_thread_blocked, id=17923, stack(0x0000700000cc1000,0x0000700000dc1000)]
  0x00007fdd8182d000 JavaThread "C2 CompilerThread0" daemon [_thread_blocked, id=17411, stack(0x0000700000bbe000,0x0000700000cbe000)]
  0x00007fdd83002000 JavaThread "Signal Dispatcher" daemon [_thread_blocked, id=16659, stack(0x0000700000abb000,0x0000700000bbb000)]
  0x00007fdd83008800 JavaThread "Finalizer" daemon [_thread_blocked, id=12291, stack(0x000070000082f000,0x000070000092f000)]
  0x00007fdd83008000 JavaThread "Reference Handler" daemon [_thread_blocked, id=11779, stack(0x000070000072c000,0x000070000082c000)]

Other Threads:
  0x00007fdd8280e000 VMThread [stack: 0x0000700000629000,0x0000700000729000] [id=11267]
  0x00007fdd82003800 WatcherThread [stack: 0x0000700000fca000,0x00007000010ca000] [id=19459]

VM state:not at safepoint (normal execution)

VM Mutex/Monitor currently owned by a thread: None

Heap:
 PSYoungGen      total 18944K, used 3143K [0x00000007aab00000, 0x00000007ac500000, 0x00000007c0000000)
  eden space 16384K, 3% used [0x00000007aab00000,0x00000007aab9f1a8,0x00000007abb00000)
  from space 2560K, 97% used [0x00000007abb00000,0x00000007abd72d28,0x00000007abd80000)
  to   space 5120K, 0% used [0x00000007ac000000,0x00000007ac000000,0x00000007ac500000)
 ParOldGen       total 44032K, used 3418K [0x0000000780000000, 0x0000000782b00000, 0x00000007aab00000)
  object space 44032K, 7% used [0x0000000780000000,0x0000000780356aa8,0x0000000782b00000)
 Metaspace       used 15562K, capacity 15768K, committed 16128K, reserved 1062912K
  class space    used 2112K, capacity 2185K, committed 2304K, reserved 1048576K

Card table byte_map: [0x0000000115946000,0x0000000115b47000] byte_map_base: 0x0000000111d46000

Marking Bits: (ParMarkBitMap*) 0x0000000105edde20
 Begin Bits: [0x0000000115b47000, 0x0000000116b47000)
 End Bits:   [0x0000000116b47000, 0x0000000117b47000)

Polling page: 0x0000000104c4a000

CodeCache: size=245760Kb used=3754Kb max_used=3774Kb free=242005Kb
 bounds [0x0000000106586000, 0x0000000106946000, 0x0000000115586000]
 total_blobs=1576 nmethods=1011 adapters=479
 compilation: enabled

Compilation events (10 events):
Event: 3649.098 Thread 0x00007fdd82014000 1006       3       sun.java2d.loops.GraphicsPrimitiveMgr::locate (104 bytes)
Event: 3649.099 Thread 0x00007fdd82014000 nmethod 1006 0x000000010692a450 code [0x000000010692a660, 0x000000010692b098]
Event: 3649.285 Thread 0x00007fdd82014000 1009       1       sun.java2d.loops.SurfaceType::getSuperType (5 bytes)
Event: 3649.285 Thread 0x00007fdd82014000 nmethod 1009 0x000000010692b3d0 code [0x000000010692b520, 0x000000010692b630]
Event: 3649.286 Thread 0x00007fdd8182d000 1010       4       java.util.IdentityHashMap::isEmpty (13 bytes)
Event: 3649.287 Thread 0x00007fdd8182d000 nmethod 1010 0x000000010692e310 code [0x000000010692e460, 0x000000010692e4d8]
Event: 3650.562 Thread 0x00007fdd82014000 1011   !   3       sun.awt.PostEventQueue::flush (168 bytes)
Event: 3650.564 Thread 0x00007fdd82014000 nmethod 1011 0x000000010692c790 code [0x000000010692c9e0, 0x000000010692db28]
Event: 3722.254 Thread 0x00007fdd8186d800 1012   !   4       sun.awt.PostEventQueue::flush (168 bytes)
Event: 3722.293 Thread 0x00007fdd8186d800 nmethod 1012 0x0000000106933790 code [0x0000000106933ae0, 0x0000000106936060]

GC Heap History (10 events):
Event: 1.879 GC heap before
{Heap before GC invocations=1 (full 0):
 PSYoungGen      total 18944K, used 16384K [0x00000007aab00000, 0x00000007ac000000, 0x00000007c0000000)
  eden space 16384K, 100% used [0x00000007aab00000,0x00000007abb00000,0x00000007abb00000)
  from space 2560K, 0% used [0x00000007abd80000,0x00000007abd80000,0x00000007ac000000)
  to   space 2560K, 0% used [0x00000007abb00000,0x00000007abb00000,0x00000007abd80000)
 ParOldGen       total 44032K, used 0K [0x0000000780000000, 0x0000000782b00000, 0x00000007aab00000)
  object space 44032K, 0% used [0x0000000780000000,0x0000000780000000,0x0000000782b00000)
 Metaspace       used 11479K, capacity 11728K, committed 12032K, reserved 1058816K
  class space    used 1598K, capacity 1671K, committed 1792K, reserved 1048576K
Event: 1.888 GC heap after
Heap after GC invocations=1 (full 0):
 PSYoungGen      total 18944K, used 2538K [0x00000007aab00000, 0x00000007ac000000, 0x00000007c0000000)
  eden space 16384K, 0% used [0x00000007aab00000,0x00000007aab00000,0x00000007abb00000)
  from space 2560K, 99% used [0x00000007abb00000,0x00000007abd7a9f0,0x00000007abd80000)
  to   space 2560K, 0% used [0x00000007abd80000,0x00000007abd80000,0x00000007ac000000)
 ParOldGen       total 44032K, used 1956K [0x0000000780000000, 0x0000000782b00000, 0x00000007aab00000)
  object space 44032K, 4% used [0x0000000780000000,0x00000007801e9190,0x0000000782b00000)
 Metaspace       used 11479K, capacity 11728K, committed 12032K, reserved 1058816K
  class space    used 1598K, capacity 1671K, committed 1792K, reserved 1048576K
}
Event: 662.349 GC heap before
{Heap before GC invocations=2 (full 0):
 PSYoungGen      total 18944K, used 18922K [0x00000007aab00000, 0x00000007ac000000, 0x00000007c0000000)
  eden space 16384K, 100% used [0x00000007aab00000,0x00000007abb00000,0x00000007abb00000)
  from space 2560K, 99% used [0x00000007abb00000,0x00000007abd7a9f0,0x00000007abd80000)
  to   space 2560K, 0% used [0x00000007abd80000,0x00000007abd80000,0x00000007ac000000)
 ParOldGen       total 44032K, used 1956K [0x0000000780000000, 0x0000000782b00000, 0x00000007aab00000)
  object space 44032K, 4% used [0x0000000780000000,0x00000007801e9190,0x0000000782b00000)
 Metaspace       used 15415K, capacity 15640K, committed 15872K, reserved 1062912K
  class space    used 2098K, capacity 2185K, committed 2304K, reserved 1048576K
Event: 662.372 GC heap after
Heap after GC invocations=2 (full 0):
 PSYoungGen      total 18944K, used 2550K [0x00000007aab00000, 0x00000007ac000000, 0x00000007c0000000)
  eden space 16384K, 0% used [0x00000007aab00000,0x00000007aab00000,0x00000007abb00000)
  from space 2560K, 99% used [0x00000007abd80000,0x00000007abffd818,0x00000007ac000000)
  to   space 2560K, 0% used [0x00000007abb00000,0x00000007abb00000,0x00000007abd80000)
 ParOldGen       total 44032K, used 3386K [0x0000000780000000, 0x0000000782b00000, 0x00000007aab00000)
  object space 44032K, 7% used [0x0000000780000000,0x000000078034eaa8,0x0000000782b00000)
 Metaspace       used 15415K, capacity 15640K, committed 15872K, reserved 1062912K
  class space    used 2098K, capacity 2185K, committed 2304K, reserved 1048576K
}
Event: 1933.403 GC heap before
{Heap before GC invocations=3 (full 0):
 PSYoungGen      total 18944K, used 18934K [0x00000007aab00000, 0x00000007ac000000, 0x00000007c0000000)
  eden space 16384K, 100% used [0x00000007aab00000,0x00000007abb00000,0x00000007abb00000)
  from space 2560K, 99% used [0x00000007abd80000,0x00000007abffd818,0x00000007ac000000)
  to   space 2560K, 0% used [0x00000007abb00000,0x00000007abb00000,0x00000007abd80000)
 ParOldGen       total 44032K, used 3386K [0x0000000780000000, 0x0000000782b00000, 0x00000007aab00000)
  object space 44032K, 7% used [0x0000000780000000,0x000000078034eaa8,0x0000000782b00000)
 Metaspace       used 15416K, capacity 15640K, committed 15872K, reserved 1062912K
  class space    used 2098K, capacity 2185K, committed 2304K, reserved 1048576K
Event: 1933.428 GC heap after
Heap after GC invocations=3 (full 0):
 PSYoungGen      total 18944K, used 2541K [0x00000007aab00000, 0x00000007ac000000, 0x00000007c0000000)
  eden space 16384K, 0% used [0x00000007aab00000,0x00000007aab00000,0x00000007abb00000)
  from space 2560K, 99% used [0x00000007abb00000,0x00000007abd7b488,0x00000007abd80000)
  to   space 2560K, 0% used [0x00000007abd80000,0x00000007abd80000,0x00000007ac000000)
 ParOldGen       total 44032K, used 3402K [0x0000000780000000, 0x0000000782b00000, 0x00000007aab00000)
  object space 44032K, 7% used [0x0000000780000000,0x0000000780352aa8,0x0000000782b00000)
 Metaspace       used 15416K, capacity 15640K, committed 15872K, reserved 1062912K
  class space    used 2098K, capacity 2185K, committed 2304K, reserved 1048576K
}
Event: 3211.150 GC heap before
{Heap before GC invocations=4 (full 0):
 PSYoungGen      total 18944K, used 18925K [0x00000007aab00000, 0x00000007ac000000, 0x00000007c0000000)
  eden space 16384K, 100% used [0x00000007aab00000,0x00000007abb00000,0x00000007abb00000)
  from space 2560K, 99% used [0x00000007abb00000,0x00000007abd7b488,0x00000007abd80000)
  to   space 2560K, 0% used [0x00000007abd80000,0x00000007abd80000,0x00000007ac000000)
 ParOldGen       total 44032K, used 3402K [0x0000000780000000, 0x0000000782b00000, 0x00000007aab00000)
  object space 44032K, 7% used [0x0000000780000000,0x0000000780352aa8,0x0000000782b00000)
 Metaspace       used 15422K, capacity 15640K, committed 15872K, reserved 1062912K
  class space    used 2098K, capacity 2185K, committed 2304K, reserved 1048576K
Event: 3211.170 GC heap after
Heap after GC invocations=4 (full 0):
 PSYoungGen      total 18944K, used 2521K [0x00000007aab00000, 0x00000007ac000000, 0x00000007c0000000)
  eden space 16384K, 0% used [0x00000007aab00000,0x00000007aab00000,0x00000007abb00000)
  from space 2560K, 98% used [0x00000007abd80000,0x00000007abff6600,0x00000007ac000000)
  to   space 2560K, 0% used [0x00000007abb00000,0x00000007abb00000,0x00000007abd80000)
 ParOldGen       total 44032K, used 3410K [0x0000000780000000, 0x0000000782b00000, 0x00000007aab00000)
  object space 44032K, 7% used [0x0000000780000000,0x0000000780354aa8,0x0000000782b00000)
 Metaspace       used 15422K, capacity 15640K, committed 15872K, reserved 1062912K
  class space    used 2098K, capacity 2185K, committed 2304K, reserved 1048576K
}
Event: 4323.908 GC heap before
{Heap before GC invocations=5 (full 0):
 PSYoungGen      total 18944K, used 18905K [0x00000007aab00000, 0x00000007ac000000, 0x00000007c0000000)
  eden space 16384K, 100% used [0x00000007aab00000,0x00000007abb00000,0x00000007abb00000)
  from space 2560K, 98% used [0x00000007abd80000,0x00000007abff6600,0x00000007ac000000)
  to   space 2560K, 0% used [0x00000007abb00000,0x00000007abb00000,0x00000007abd80000)
 ParOldGen       total 44032K, used 3410K [0x0000000780000000, 0x0000000782b00000, 0x00000007aab00000)
  object space 44032K, 7% used [0x0000000780000000,0x0000000780354aa8,0x0000000782b00000)
 Metaspace       used 15562K, capacity 15768K, committed 16128K, reserved 1062912K
  class space    used 2112K, capacity 2185K, committed 2304K, reserved 1048576K
Event: 4323.926 GC heap after
Heap after GC invocations=5 (full 0):
 PSYoungGen      total 18944K, used 2507K [0x00000007aab00000, 0x00000007ac500000, 0x00000007c0000000)
  eden space 16384K, 0% used [0x00000007aab00000,0x00000007aab00000,0x00000007abb00000)
  from space 2560K, 97% used [0x00000007abb00000,0x00000007abd72d28,0x00000007abd80000)
  to   space 5120K, 0% used [0x00000007ac000000,0x00000007ac000000,0x00000007ac500000)
 ParOldGen       total 44032K, used 3418K [0x0000000780000000, 0x0000000782b00000, 0x00000007aab00000)
  object space 44032K, 7% used [0x0000000780000000,0x0000000780356aa8,0x0000000782b00000)
 Metaspace       used 15562K, capacity 15768K, committed 16128K, reserved 1062912K
  class space    used 2112K, capacity 2185K, committed 2304K, reserved 1048576K
}

Deoptimization events (10 events):
Event: 325.559 Thread 0x00007fdd82039800 Uncommon trap: reason=class_check action=maybe_recompile pc=0x00000001068e9450 method=java.awt.EventQueue.setCurrentEventAndMostRecentTimeImpl(Ljava/awt/AWTEvent;)V @ 135
Event: 325.559 Thread 0x00007fdd82039800 Uncommon trap: reason=class_check action=maybe_recompile pc=0x00000001068d48a8 method=java.awt.event.InvocationEvent.dispatch()V @ 47
Event: 325.562 Thread 0x00007fdd82039800 Uncommon trap: reason=class_check action=maybe_recompile pc=0x00000001068d48a8 method=java.awt.event.InvocationEvent.dispatch()V @ 47
Event: 325.623 Thread 0x00007fdd8208c000 Uncommon trap: reason=unstable_if action=reinterpret pc=0x00000001068b9c20 method=java.util.concurrent.locks.ReentrantLock$Sync.nonfairTryAcquire(I)Z @ 34
Event: 325.623 Thread 0x00007fdd8208c000 Uncommon trap: reason=unstable_if action=reinterpret pc=0x00000001068c1f5c method=java.util.concurrent.locks.ReentrantLock$Sync.nonfairTryAcquire(I)Z @ 34
Event: 325.666 Thread 0x00007fdd8208c000 Uncommon trap: reason=unstable_if action=reinterpret pc=0x00000001068bff38 method=java.util.concurrent.locks.ReentrantLock$Sync.nonfairTryAcquire(I)Z @ 34
Event: 325.666 Thread 0x00007fdd82039800 Uncommon trap: reason=unstable_if action=reinterpret pc=0x00000001068bddf8 method=java.util.concurrent.locks.ReentrantLock$Sync.nonfairTryAcquire(I)Z @ 34
Event: 325.833 Thread 0x00007fdd82039800 Uncommon trap: reason=unstable_if action=reinterpret pc=0x00000001068e7a1c method=java.util.concurrent.locks.ReentrantLock$Sync.nonfairTryAcquire(I)Z @ 34
Event: 3649.106 Thread 0x00007fdd82039800 Uncommon trap: reason=unstable_if action=reinterpret pc=0x000000010691199c method=java.awt.EventQueue.getPriority(Ljava/awt/AWTEvent;)I @ 71
Event: 3649.243 Thread 0x00007fdd82039800 Uncommon trap: reason=unstable_if action=reinterpret pc=0x0000000106909358 method=java.awt.EventQueue.getPriority(Ljava/awt/AWTEvent;)I @ 71

Internal exceptions (10 events):
Event: 0.382 Thread 0x00007fdd82006800 Exception <a 'java/security/PrivilegedActionException'> (0x00000007aad1b2b0) thrown at [/HUDSON3/workspace/8-2-build-macosx-x86_64/jdk8u66/4988/hotspot/src/share/vm/prims/jvm.cpp, line 1386]
Event: 0.382 Thread 0x00007fdd82006800 Exception <a 'java/security/PrivilegedActionException'> (0x00000007aad1b6a8) thrown at [/HUDSON3/workspace/8-2-build-macosx-x86_64/jdk8u66/4988/hotspot/src/share/vm/prims/jvm.cpp, line 1386]
Event: 0.384 Thread 0x00007fdd82006800 Exception <a 'java/security/PrivilegedActionException'> (0x00000007aad1eb30) thrown at [/HUDSON3/workspace/8-2-build-macosx-x86_64/jdk8u66/4988/hotspot/src/share/vm/prims/jvm.cpp, line 1386]
Event: 0.384 Thread 0x00007fdd82006800 Exception <a 'java/security/PrivilegedActionException'> (0x00000007aad1ef28) thrown at [/HUDSON3/workspace/8-2-build-macosx-x86_64/jdk8u66/4988/hotspot/src/share/vm/prims/jvm.cpp, line 1386]
Event: 0.660 Thread 0x00007fdd82006800 Exception <a 'java/lang/NoSuchFieldError': method resolution failed> (0x00000007aaf1f220) thrown at [/HUDSON3/workspace/8-2-build-macosx-x86_64/jdk8u66/4988/hotspot/src/share/vm/prims/methodHandles.cpp, line 1146]
Event: 0.680 Thread 0x00007fdd82006800 Exception <a 'java/lang/NoSuchFieldError': method resolution failed> (0x00000007aaf2c9f0) thrown at [/HUDSON3/workspace/8-2-build-macosx-x86_64/jdk8u66/4988/hotspot/src/share/vm/prims/methodHandles.cpp, line 1146]
Event: 1.202 Thread 0x00007fdd82006800 Exception <a 'java/io/FileNotFoundException'> (0x00000007aafa8310) thrown at [/HUDSON3/workspace/8-2-build-macosx-x86_64/jdk8u66/4988/hotspot/src/share/vm/prims/jni.cpp, line 709]
Event: 1.202 Thread 0x00007fdd82006800 Exception <a 'java/io/FileNotFoundException'> (0x00000007aafa8e58) thrown at [/HUDSON3/workspace/8-2-build-macosx-x86_64/jdk8u66/4988/hotspot/src/share/vm/prims/jni.cpp, line 709]
Event: 1.903 Thread 0x00007fdd82006800 Implicit null exception at 0x00000001067f4ff3 to 0x00000001067f53a5
Event: 662.374 Thread 0x00007fdd83008800 Exception <a 'java/lang/NullPointerException'> (0x00000007aab00098) thrown at [/HUDSON3/workspace/8-2-build-macosx-x86_64/jdk8u66/4988/hotspot/src/share/vm/interpreter/linkResolver.cpp, line 1178]

Events (10 events):
Event: 3649.226 loading class java/util/IdentityHashMap$Values done
Event: 3649.226 loading class java/util/IdentityHashMap$ValueIterator
Event: 3649.241 loading class java/util/IdentityHashMap$ValueIterator done
Event: 3649.241 loading class javax/swing/RepaintManager$DisplayChangedRunnable
Event: 3649.242 loading class javax/swing/RepaintManager$DisplayChangedRunnable done
Event: 3649.243 Thread 0x00007fdd82039800 Uncommon trap: trap_request=0xffffff65 fr.pc=0x0000000106909358
Event: 3649.243 Thread 0x00007fdd82039800 DEOPT PACKING pc=0x0000000106909358 sp=0x000070000155b4d0
Event: 3649.243 Thread 0x00007fdd82039800 DEOPT UNPACKING pc=0x000000010658b229 sp=0x000070000155b470 mode 2
Event: 4323.908 Executing VM operation: ParallelGCFailedAllocation
Event: 4323.926 Executing VM operation: ParallelGCFailedAllocation done


Dynamic libraries:
0x0000000001aff000 	/System/Library/Frameworks/Cocoa.framework/Versions/A/Cocoa
0x0000000001aff000 	/System/Library/Frameworks/Security.framework/Versions/A/Security
0x0000000001aff000 	/System/Library/Frameworks/ApplicationServices.framework/Versions/A/ApplicationServices
0x0000000001aff000 	/usr/lib/libz.1.dylib
0x0000000001aff000 	/usr/lib/libSystem.B.dylib
0x0000000001aff000 	/usr/lib/libobjc.A.dylib
0x0000000001aff000 	/System/Library/Frameworks/CoreFoundation.framework/Versions/A/CoreFoundation
0x0000000001aff000 	/System/Library/Frameworks/Foundation.framework/Versions/C/Foundation
0x0000000001aff000 	/System/Library/Frameworks/AppKit.framework/Versions/C/AppKit
0x0000000001aff000 	/System/Library/Frameworks/CoreData.framework/Versions/A/CoreData
0x0000000001aff000 	/System/Library/PrivateFrameworks/RemoteViewServices.framework/Versions/A/RemoteViewServices
0x0000000001aff000 	/System/Library/PrivateFrameworks/UIFoundation.framework/Versions/A/UIFoundation
0x0000000001aff000 	/usr/lib/libScreenReader.dylib
0x0000000001aff000 	/System/Library/Frameworks/Accelerate.framework/Versions/A/Accelerate
0x0000000001aff000 	/System/Library/Frameworks/IOSurface.framework/Versions/A/IOSurface
0x0000000001aff000 	/System/Library/Frameworks/AudioToolbox.framework/Versions/A/AudioToolbox
0x0000000001aff000 	/System/Library/Frameworks/AudioUnit.framework/Versions/A/AudioUnit
0x0000000001aff000 	/System/Library/PrivateFrameworks/DataDetectorsCore.framework/Versions/A/DataDetectorsCore
0x0000000001aff000 	/System/Library/PrivateFrameworks/DesktopServicesPriv.framework/Versions/A/DesktopServicesPriv
0x0000000001aff000 	/System/Library/Frameworks/Carbon.framework/Versions/A/Frameworks/HIToolbox.framework/Versions/A/HIToolbox
0x0000000001aff000 	/System/Library/Frameworks/QuartzCore.framework/Versions/A/QuartzCore
0x0000000001aff000 	/System/Library/Frameworks/Carbon.framework/Versions/A/Frameworks/SpeechRecognition.framework/Versions/A/SpeechRecognition
0x0000000001aff000 	/usr/lib/libauto.dylib
0x0000000001aff000 	/usr/lib/libicucore.A.dylib
0x0000000001aff000 	/usr/lib/libxml2.2.dylib
0x0000000001aff000 	/System/Library/PrivateFrameworks/CoreUI.framework/Versions/A/CoreUI
0x0000000001aff000 	/System/Library/Frameworks/CoreAudio.framework/Versions/A/CoreAudio
0x0000000001aff000 	/System/Library/Frameworks/DiskArbitration.framework/Versions/A/DiskArbitration
0x0000000001aff000 	/usr/lib/liblangid.dylib
0x0000000001aff000 	/System/Library/PrivateFrameworks/MultitouchSupport.framework/Versions/A/MultitouchSupport
0x0000000001aff000 	/System/Library/Frameworks/IOKit.framework/Versions/A/IOKit
0x0000000001aff000 	/usr/lib/libDiagnosticMessagesClient.dylib
0x0000000001aff000 	/System/Library/Frameworks/CoreServices.framework/Versions/A/CoreServices
0x0000000001aff000 	/System/Library/PrivateFrameworks/PerformanceAnalysis.framework/Versions/A/PerformanceAnalysis
0x0000000001aff000 	/System/Library/PrivateFrameworks/GenerationalStorage.framework/Versions/A/GenerationalStorage
0x0000000001aff000 	/System/Library/Frameworks/OpenGL.framework/Versions/A/OpenGL
0x0000000001aff000 	/System/Library/PrivateFrameworks/Sharing.framework/Versions/A/Sharing
0x0000000001aff000 	/System/Library/Frameworks/CoreGraphics.framework/Versions/A/CoreGraphics
0x0000000001aff000 	/System/Library/Frameworks/CoreImage.framework/Versions/A/CoreImage
0x0000000001aff000 	/System/Library/Frameworks/CoreText.framework/Versions/A/CoreText
0x0000000001aff000 	/System/Library/Frameworks/ImageIO.framework/Versions/A/ImageIO
0x0000000001aff000 	/System/Library/PrivateFrameworks/Backup.framework/Versions/A/Backup
0x0000000001aff000 	/usr/lib/libextension.dylib
0x0000000001aff000 	/usr/lib/libarchive.2.dylib
0x0000000001aff000 	/System/Library/Frameworks/CFNetwork.framework/Versions/A/CFNetwork
0x0000000001aff000 	/System/Library/Frameworks/SystemConfiguration.framework/Versions/A/SystemConfiguration
0x0000000001aff000 	/usr/lib/libCRFSuite.dylib
0x0000000001aff000 	/usr/lib/libc++.1.dylib
0x0000000001aff000 	/usr/lib/libc++abi.dylib
0x0000000001aff000 	/usr/lib/system/libcache.dylib
0x0000000001aff000 	/usr/lib/system/libcommonCrypto.dylib
0x0000000001aff000 	/usr/lib/system/libcompiler_rt.dylib
0x0000000001aff000 	/usr/lib/system/libcopyfile.dylib
0x0000000001aff000 	/usr/lib/system/libcorecrypto.dylib
0x0000000001aff000 	/usr/lib/system/libdispatch.dylib
0x0000000001aff000 	/usr/lib/system/libdyld.dylib
0x0000000001aff000 	/usr/lib/system/libkeymgr.dylib
0x0000000001aff000 	/usr/lib/system/liblaunch.dylib
0x0000000001aff000 	/usr/lib/system/libmacho.dylib
0x0000000001aff000 	/usr/lib/system/libquarantine.dylib
0x0000000001aff000 	/usr/lib/system/libremovefile.dylib
0x0000000001aff000 	/usr/lib/system/libsystem_asl.dylib
0x0000000001aff000 	/usr/lib/system/libsystem_blocks.dylib
0x0000000001aff000 	/usr/lib/system/libsystem_c.dylib
0x0000000001aff000 	/usr/lib/system/libsystem_configuration.dylib
0x0000000001aff000 	/usr/lib/system/libsystem_coreservices.dylib
0x0000000001aff000 	/usr/lib/system/libsystem_coretls.dylib
0x0000000001aff000 	/usr/lib/system/libsystem_dnssd.dylib
0x0000000001aff000 	/usr/lib/system/libsystem_info.dylib
0x0000000001aff000 	/usr/lib/system/libsystem_kernel.dylib
0x0000000001aff000 	/usr/lib/system/libsystem_m.dylib
0x0000000001aff000 	/usr/lib/system/libsystem_malloc.dylib
0x0000000001aff000 	/usr/lib/system/libsystem_network.dylib
0x0000000001aff000 	/usr/lib/system/libsystem_networkextension.dylib
0x0000000001aff000 	/usr/lib/system/libsystem_notify.dylib
0x0000000001aff000 	/usr/lib/system/libsystem_platform.dylib
0x0000000001aff000 	/usr/lib/system/libsystem_pthread.dylib
0x0000000001aff000 	/usr/lib/system/libsystem_sandbox.dylib
0x0000000001aff000 	/usr/lib/system/libsystem_secinit.dylib
0x0000000001aff000 	/usr/lib/system/libsystem_trace.dylib
0x0000000001aff000 	/usr/lib/system/libunc.dylib
0x0000000001aff000 	/usr/lib/system/libunwind.dylib
0x0000000001aff000 	/usr/lib/system/libxpc.dylib
0x0000000001aff000 	/usr/lib/libenergytrace.dylib
0x0000000001aff000 	/usr/lib/libbsm.0.dylib
0x0000000001aff000 	/usr/lib/system/libkxld.dylib
0x0000000001aff000 	/usr/lib/libxar.1.dylib
0x0000000001aff000 	/usr/lib/libsqlite3.dylib
0x0000000001aff000 	/usr/lib/libpam.2.dylib
0x0000000001aff000 	/usr/lib/libOpenScriptingUtil.dylib
0x0000000001aff000 	/usr/lib/libbz2.1.0.dylib
0x0000000001aff000 	/usr/lib/liblzma.5.dylib
0x0000000001aff000 	/System/Library/Frameworks/CoreServices.framework/Versions/A/Frameworks/FSEvents.framework/Versions/A/FSEvents
0x0000000001aff000 	/System/Library/Frameworks/CoreServices.framework/Versions/A/Frameworks/CarbonCore.framework/Versions/A/CarbonCore
0x0000000001aff000 	/System/Library/Frameworks/CoreServices.framework/Versions/A/Frameworks/Metadata.framework/Versions/A/Metadata
0x0000000001aff000 	/System/Library/Frameworks/CoreServices.framework/Versions/A/Frameworks/OSServices.framework/Versions/A/OSServices
0x0000000001aff000 	/System/Library/Frameworks/CoreServices.framework/Versions/A/Frameworks/SearchKit.framework/Versions/A/SearchKit
0x0000000001aff000 	/System/Library/Frameworks/CoreServices.framework/Versions/A/Frameworks/AE.framework/Versions/A/AE
0x0000000001aff000 	/System/Library/Frameworks/CoreServices.framework/Versions/A/Frameworks/LaunchServices.framework/Versions/A/LaunchServices
0x0000000001aff000 	/System/Library/Frameworks/CoreServices.framework/Versions/A/Frameworks/DictionaryServices.framework/Versions/A/DictionaryServices
0x0000000001aff000 	/System/Library/Frameworks/CoreServices.framework/Versions/A/Frameworks/SharedFileList.framework/Versions/A/SharedFileList
0x0000000001aff000 	/System/Library/Frameworks/NetFS.framework/Versions/A/NetFS
0x0000000001aff000 	/System/Library/PrivateFrameworks/NetAuth.framework/Versions/A/NetAuth
0x0000000001aff000 	/System/Library/PrivateFrameworks/login.framework/Versions/A/Frameworks/loginsupport.framework/Versions/A/loginsupport
0x0000000001aff000 	/System/Library/PrivateFrameworks/TCC.framework/Versions/A/TCC
0x0000000001aff000 	/usr/lib/libmecabra.dylib
0x0000000001aff000 	/System/Library/Frameworks/ApplicationServices.framework/Versions/A/Frameworks/ATS.framework/Versions/A/ATS
0x0000000001aff000 	/System/Library/Frameworks/ApplicationServices.framework/Versions/A/Frameworks/ColorSync.framework/Versions/A/ColorSync
0x0000000001aff000 	/System/Library/Frameworks/ApplicationServices.framework/Versions/A/Frameworks/HIServices.framework/Versions/A/HIServices
0x0000000001aff000 	/System/Library/Frameworks/ApplicationServices.framework/Versions/A/Frameworks/LangAnalysis.framework/Versions/A/LangAnalysis
0x0000000001aff000 	/System/Library/Frameworks/ApplicationServices.framework/Versions/A/Frameworks/PrintCore.framework/Versions/A/PrintCore
0x0000000001aff000 	/System/Library/Frameworks/ApplicationServices.framework/Versions/A/Frameworks/QD.framework/Versions/A/QD
0x0000000001aff000 	/System/Library/Frameworks/ApplicationServices.framework/Versions/A/Frameworks/SpeechSynthesis.framework/Versions/A/SpeechSynthesis
0x0000000001aff000 	/System/Library/Frameworks/Metal.framework/Versions/A/Metal
0x0000000001aff000 	/System/Library/Frameworks/Accelerate.framework/Versions/A/Frameworks/vImage.framework/Versions/A/vImage
0x0000000001aff000 	/System/Library/Frameworks/Accelerate.framework/Versions/A/Frameworks/vecLib.framework/Versions/A/vecLib
0x0000000001aff000 	/System/Library/Frameworks/Accelerate.framework/Versions/A/Frameworks/vecLib.framework/Versions/A/libvDSP.dylib
0x0000000001aff000 	/System/Library/Frameworks/Accelerate.framework/Versions/A/Frameworks/vecLib.framework/Versions/A/libvMisc.dylib
0x0000000001aff000 	/System/Library/Frameworks/Accelerate.framework/Versions/A/Frameworks/vecLib.framework/Versions/A/libLAPACK.dylib
0x0000000001aff000 	/System/Library/Frameworks/Accelerate.framework/Versions/A/Frameworks/vecLib.framework/Versions/A/libBLAS.dylib
0x0000000001aff000 	/System/Library/Frameworks/Accelerate.framework/Versions/A/Frameworks/vecLib.framework/Versions/A/libLinearAlgebra.dylib
0x0000000001aff000 	/System/Library/Frameworks/Accelerate.framework/Versions/A/Frameworks/vecLib.framework/Versions/A/libSparseBLAS.dylib
0x0000000001aff000 	/System/Library/PrivateFrameworks/GPUCompiler.framework/libmetal_timestamp.dylib
0x0000000001aff000 	/System/Library/Frameworks/OpenGL.framework/Versions/A/Libraries/libCoreFSCache.dylib
0x0000000001aff000 	/System/Library/PrivateFrameworks/IOAccelerator.framework/Versions/A/IOAccelerator
0x0000000001aff000 	/System/Library/Frameworks/ApplicationServices.framework/Versions/A/Frameworks/ATS.framework/Versions/A/Resources/libFontParser.dylib
0x0000000001aff000 	/System/Library/Frameworks/ApplicationServices.framework/Versions/A/Frameworks/ATS.framework/Versions/A/Resources/libFontRegistry.dylib
0x0000000001aff000 	/System/Library/PrivateFrameworks/AppleVPA.framework/Versions/A/AppleVPA
0x0000000001aff000 	/System/Library/PrivateFrameworks/AppleJPEG.framework/Versions/A/AppleJPEG
0x0000000001aff000 	/System/Library/Frameworks/ImageIO.framework/Versions/A/Resources/libJPEG.dylib
0x0000000001aff000 	/System/Library/Frameworks/ImageIO.framework/Versions/A/Resources/libTIFF.dylib
0x0000000001aff000 	/System/Library/Frameworks/ImageIO.framework/Versions/A/Resources/libPng.dylib
0x0000000001aff000 	/System/Library/Frameworks/ImageIO.framework/Versions/A/Resources/libGIF.dylib
0x0000000001aff000 	/System/Library/Frameworks/ImageIO.framework/Versions/A/Resources/libJP2.dylib
0x0000000001aff000 	/System/Library/Frameworks/ImageIO.framework/Versions/A/Resources/libRadiance.dylib
0x0000000001aff000 	/System/Library/Frameworks/CoreVideo.framework/Versions/A/CoreVideo
0x0000000001aff000 	/System/Library/Frameworks/OpenGL.framework/Versions/A/Libraries/libGLU.dylib
0x0000000001aff000 	/System/Library/Frameworks/OpenGL.framework/Versions/A/Libraries/libGFXShared.dylib
0x0000000001aff000 	/System/Library/Frameworks/OpenGL.framework/Versions/A/Libraries/libGL.dylib
0x0000000001aff000 	/System/Library/Frameworks/OpenGL.framework/Versions/A/Libraries/libGLImage.dylib
0x0000000001aff000 	/System/Library/Frameworks/OpenGL.framework/Versions/A/Libraries/libCVMSPluginSupport.dylib
0x0000000001aff000 	/System/Library/Frameworks/OpenGL.framework/Versions/A/Libraries/libCoreVMClient.dylib
0x0000000001aff000 	/usr/lib/libcups.2.dylib
0x0000000001aff000 	/System/Library/Frameworks/Kerberos.framework/Versions/A/Kerberos
0x0000000001aff000 	/System/Library/Frameworks/GSS.framework/Versions/A/GSS
0x0000000001aff000 	/usr/lib/libresolv.9.dylib
0x0000000001aff000 	/usr/lib/libiconv.2.dylib
0x0000000001aff000 	/System/Library/PrivateFrameworks/Heimdal.framework/Versions/A/Heimdal
0x0000000001aff000 	/usr/lib/libheimdal-asn1.dylib
0x0000000001aff000 	/System/Library/Frameworks/OpenDirectory.framework/Versions/A/OpenDirectory
0x0000000001aff000 	/System/Library/PrivateFrameworks/CommonAuth.framework/Versions/A/CommonAuth
0x0000000001aff000 	/System/Library/Frameworks/OpenDirectory.framework/Versions/A/Frameworks/CFOpenDirectory.framework/Versions/A/CFOpenDirectory
0x0000000001aff000 	/System/Library/Frameworks/SecurityFoundation.framework/Versions/A/SecurityFoundation
0x0000000001aff000 	/System/Library/PrivateFrameworks/LanguageModeling.framework/Versions/A/LanguageModeling
0x0000000001aff000 	/usr/lib/libmarisa.dylib
0x0000000001aff000 	/usr/lib/libChineseTokenizer.dylib
0x0000000001aff000 	/usr/lib/libcmph.dylib
0x0000000001aff000 	/usr/lib/libcompression.dylib
0x0000000001aff000 	/System/Library/Frameworks/ServiceManagement.framework/Versions/A/ServiceManagement
0x0000000001aff000 	/usr/lib/libxslt.1.dylib
0x0000000001aff000 	/System/Library/Frameworks/Carbon.framework/Versions/A/Frameworks/Ink.framework/Versions/A/Ink
0x0000000001aff000 	/usr/lib/libFosl_dynamic.dylib
0x0000000001aff000 	/System/Library/PrivateFrameworks/FaceCore.framework/Versions/A/FaceCore
0x0000000001aff000 	/System/Library/Frameworks/OpenCL.framework/Versions/A/OpenCL
0x0000000001aff000 	/System/Library/PrivateFrameworks/CrashReporterSupport.framework/Versions/A/CrashReporterSupport
0x0000000001aff000 	/System/Library/PrivateFrameworks/IconServices.framework/Versions/A/IconServices
0x0000000001aff000 	/System/Library/PrivateFrameworks/Apple80211.framework/Versions/A/Apple80211
0x0000000001aff000 	/System/Library/Frameworks/CoreWLAN.framework/Versions/A/CoreWLAN
0x0000000001aff000 	/System/Library/Frameworks/IOBluetooth.framework/Versions/A/IOBluetooth
0x0000000001aff000 	/System/Library/PrivateFrameworks/CoreWiFi.framework/Versions/A/CoreWiFi
0x0000000001aff000 	/System/Library/Frameworks/CoreBluetooth.framework/Versions/A/CoreBluetooth
0x0000000001aff000 	/System/Library/PrivateFrameworks/ChunkingLibrary.framework/Versions/A/ChunkingLibrary
0x0000000001aff000 	/System/Library/PrivateFrameworks/DebugSymbols.framework/Versions/A/DebugSymbols
0x0000000001aff000 	/System/Library/PrivateFrameworks/CoreSymbolication.framework/Versions/A/CoreSymbolication
0x0000000001aff000 	/System/Library/PrivateFrameworks/Symbolication.framework/Versions/A/Symbolication
0x0000000001aff000 	/System/Library/PrivateFrameworks/SpeechRecognitionCore.framework/Versions/A/SpeechRecognitionCore
0x0000000105600000 	/Library/Java/JavaVirtualMachines/jdk1.8.0_66.jdk/Contents/Home/jre/lib/server/libjvm.dylib
0x0000000001aff000 	/usr/lib/libstdc++.6.dylib
0x0000000104c07000 	/Library/Java/JavaVirtualMachines/jdk1.8.0_66.jdk/Contents/Home/jre/lib/libverify.dylib
0x0000000104c15000 	/Library/Java/JavaVirtualMachines/jdk1.8.0_66.jdk/Contents/Home/jre/lib/libjava.dylib
0x0000000104c54000 	/Library/Java/JavaVirtualMachines/jdk1.8.0_66.jdk/Contents/Home/jre/lib/libzip.dylib
0x00000001197ed000 	/System/Library/Frameworks/JavaVM.framework/Frameworks/JavaRuntimeSupport.framework/JavaRuntimeSupport
0x0000000119808000 	/System/Library/Frameworks/JavaVM.framework/Versions/A/Frameworks/JavaNativeFoundation.framework/Versions/A/JavaNativeFoundation
0x0000000104df0000 	/System/Library/Frameworks/JavaVM.framework/Versions/A/JavaVM
0x0000000001aff000 	/System/Library/Frameworks/Carbon.framework/Versions/A/Carbon
0x000000011981d000 	/System/Library/PrivateFrameworks/JavaLaunching.framework/Versions/A/JavaLaunching
0x0000000001aff000 	/System/Library/Frameworks/Carbon.framework/Versions/A/Frameworks/CommonPanels.framework/Versions/A/CommonPanels
0x0000000001aff000 	/System/Library/Frameworks/Carbon.framework/Versions/A/Frameworks/Help.framework/Versions/A/Help
0x0000000001aff000 	/System/Library/Frameworks/Carbon.framework/Versions/A/Frameworks/ImageCapture.framework/Versions/A/ImageCapture
0x0000000001aff000 	/System/Library/Frameworks/Carbon.framework/Versions/A/Frameworks/OpenScripting.framework/Versions/A/OpenScripting
0x0000000001aff000 	/System/Library/Frameworks/Carbon.framework/Versions/A/Frameworks/Print.framework/Versions/A/Print
0x0000000001aff000 	/System/Library/Frameworks/Carbon.framework/Versions/A/Frameworks/SecurityHI.framework/Versions/A/SecurityHI
0x000000011b1f8000 	/Library/Java/JavaVirtualMachines/jdk1.8.0_66.jdk/Contents/Home/jre/lib/libawt.dylib
0x000000011b2a0000 	/Library/Java/JavaVirtualMachines/jdk1.8.0_66.jdk/Contents/Home/jre/lib/./libmlib_image.dylib
0x000000011b36c000 	/Library/Java/JavaVirtualMachines/jdk1.8.0_66.jdk/Contents/Home/jre/lib/libawt_lwawt.dylib
0x000000011b421000 	/Library/Java/JavaVirtualMachines/jdk1.8.0_66.jdk/Contents/Home/jre/lib/./libosxapp.dylib
0x0000000001aff000 	/System/Library/Frameworks/ExceptionHandling.framework/Versions/A/ExceptionHandling
0x0000000001aff000 	/System/Library/PrivateFrameworks/CoreServicesInternal.framework/Versions/A/CoreServicesInternal
0x0000000001aff000 	/System/Library/Frameworks/CoreGraphics.framework/Versions/A/Resources/libRIP.A.dylib
0x0000000001aff000 	/System/Library/Frameworks/Accelerate.framework/Versions/A/Frameworks/vImage.framework/Versions/A/Libraries/libCGInterfaces.dylib
0x0000000001aff000 	/System/Library/Frameworks/CoreGraphics.framework/Versions/A/Resources/libCGXType.A.dylib
0x0000000001aff000 	/System/Library/Frameworks/OpenCL.framework/Versions/A/Libraries/libcldcpuengine.dylib
0x0000000001aff000 	/System/Library/PrivateFrameworks/DiskImages.framework/Versions/A/DiskImages
0x0000000001aff000 	/System/Library/Frameworks/DiscRecording.framework/Versions/A/DiscRecording
0x0000000001aff000 	/usr/lib/libcsfde.dylib
0x0000000001aff000 	/usr/lib/libcurl.4.dylib
0x0000000001aff000 	/System/Library/PrivateFrameworks/MediaKit.framework/Versions/A/MediaKit
0x0000000001aff000 	/System/Library/PrivateFrameworks/ProtectedCloudStorage.framework/Versions/A/ProtectedCloudStorage
0x0000000001aff000 	/usr/lib/libCoreStorage.dylib
0x0000000001aff000 	/System/Library/PrivateFrameworks/EFILogin.framework/Versions/A/EFILogin
0x0000000001aff000 	/usr/lib/libutil.dylib
0x0000000001aff000 	/System/Library/PrivateFrameworks/FindMyDevice.framework/Versions/A/FindMyDevice
0x0000000001aff000 	/System/Library/Frameworks/LDAP.framework/Versions/A/LDAP
0x0000000001aff000 	/usr/lib/libsasl2.2.dylib
0x0000000001aff000 	/System/Library/PrivateFrameworks/CoreDaemon.framework/Versions/B/CoreDaemon
0x0000000001aff000 	/usr/lib/libcrypto.0.9.8.dylib
0x0000000001aff000 	/System/Library/PrivateFrameworks/AppleSRP.framework/Versions/A/AppleSRP
0x0000000001aff000 	/System/Library/PrivateFrameworks/TrustEvaluationAgent.framework/Versions/A/TrustEvaluationAgent
0x000000011c4af000 	cl_kernels
0x0000000001aff000 	/System/Library/Frameworks/OpenCL.framework/Versions/A/Libraries/ImageFormats/unorm8_bgra.dylib
0x0000000001aff000 	/System/Library/Frameworks/OpenCL.framework/Versions/A/Libraries/ImageFormats/unorm8_rgba.dylib
0x0000000001aff000 	/System/Library/PrivateFrameworks/FamilyControls.framework/Versions/A/FamilyControls
0x0000000001aff000 	/System/Library/PrivateFrameworks/CommerceKit.framework/Versions/A/Frameworks/CommerceCore.framework/Versions/A/CommerceCore
0x0000000001aff000 	/System/Library/PrivateFrameworks/SystemAdministration.framework/Versions/A/SystemAdministration
0x0000000001aff000 	/System/Library/PrivateFrameworks/AppContainer.framework/Versions/A/AppContainer
0x0000000001aff000 	/System/Library/PrivateFrameworks/SecCodeWrapper.framework/Versions/A/SecCodeWrapper
0x0000000001aff000 	/System/Library/Frameworks/DirectoryService.framework/Versions/A/DirectoryService
0x0000000001aff000 	/System/Library/PrivateFrameworks/LoginUIKit.framework/Versions/A/Frameworks/LoginUICore.framework/Versions/A/LoginUICore
0x0000000001aff000 	/usr/lib/libodfde.dylib
0x000000011e300000 	/Library/Java/JavaVirtualMachines/jdk1.8.0_66.jdk/Contents/Home/jre/lib/libfontmanager.dylib
0x000000011bdda000 	/Library/Java/JavaVirtualMachines/jdk1.8.0_66.jdk/Contents/Home/jre/lib/libosxui.dylib
0x0000000001aff000 	/System/Library/Frameworks/OpenGL.framework/Versions/A/Resources/GLEngine.bundle/GLEngine
0x0000000001aff000 	/System/Library/Frameworks/OpenGL.framework/Versions/A/Libraries/libGLProgrammability.dylib
0x000000011edb9000 	/System/Library/Extensions/AppleIntelHD4000GraphicsGLDriver.bundle/Contents/MacOS/AppleIntelHD4000GraphicsGLDriver
0x0000000001aff000 	/System/Library/PrivateFrameworks/GPUSupport.framework/Versions/A/Libraries/libGPUSupportMercury.dylib
0x0000000001aff000 	/System/Library/Frameworks/OpenGL.framework/Versions/A/Resources/GLRendererFloat.bundle/GLRendererFloat
0x0000000122026000 	/System/Library/Extensions/AppleIntelHD4000GraphicsMTLDriver.bundle/Contents/MacOS/AppleIntelHD4000GraphicsMTLDriver
0x000000012288f000 	/Library/Java/JavaVirtualMachines/jdk1.8.0_66.jdk/Contents/Home/jre/lib/libnet.dylib
0x0000000122823000 	/Library/Java/JavaVirtualMachines/jdk1.8.0_66.jdk/Contents/Home/jre/lib/libnio.dylib
0x0000000001aff000 	/System/Library/Frameworks/ApplicationServices.framework/Versions/A/Frameworks/ATS.framework/Versions/A/Resources/libTrueTypeScaler.dylib

VM Arguments:
jvm_args: -Dfile.encoding=UTF-8 
java_command: Mobility.mainClassTestGraph
java_class_path (initial): /Users/franco/simulatorepa_real/my_lib/gs-core-1.3/gs-core-1.3.jar:/Users/franco/simulatorepa_real/my_lib/gs-algo-1.3/gs-algo-1.3.jar:/Users/franco/simulatorepa_real/my_lib/gs-ui-1.3/gs-ui-1.3.jar:/Users/franco/simulatorepa_real/jdom-2.0.5/jdom-2.0.5.jar:/Users/franco/simulatorepa_real/build/classes
Launcher Type: SUN_STANDARD

Environment Variables:
PATH=/usr/bin:/bin:/usr/sbin:/sbin
LD_LIBRARY_PATH=/Library/Java/JavaVirtualMachines/jdk1.8.0_66.jdk/Contents/Home/jre/lib/amd64:/Library/Java/JavaVirtualMachines/jdk1.8.0_66.jdk/Contents/Home/jre/lib/i386:
SHELL=/bin/bash

Signal Handlers:
SIGSEGV: [libjvm.dylib+0x5a65d5], sa_mask[0]=11111111011111110111111111111111, sa_flags=SA_ONSTACK|SA_RESTART|SA_SIGINFO
SIGBUS: [libjvm.dylib+0x5a65d5], sa_mask[0]=11111111011111110111111111111111, sa_flags=SA_RESTART|SA_SIGINFO
SIGFPE: [libjvm.dylib+0x4802e8], sa_mask[0]=11111111011111110111111111111111, sa_flags=SA_RESTART|SA_SIGINFO
SIGPIPE: [libjvm.dylib+0x4802e8], sa_mask[0]=11111111011111110111111111111111, sa_flags=SA_RESTART|SA_SIGINFO
SIGXFSZ: [libjvm.dylib+0x4802e8], sa_mask[0]=11111111011111110111111111111111, sa_flags=SA_RESTART|SA_SIGINFO
SIGILL: [libjvm.dylib+0x4802e8], sa_mask[0]=11111111011111110111111111111111, sa_flags=SA_RESTART|SA_SIGINFO
SIGUSR1: SIG_DFL, sa_mask[0]=00000000000000000000000000000000, sa_flags=none
SIGUSR2: [libjvm.dylib+0x47fe06], sa_mask[0]=00100000000000000000000000000000, sa_flags=SA_RESTART|SA_SIGINFO
SIGHUP: [libjvm.dylib+0x47e3dd], sa_mask[0]=11111111011111110111111111111111, sa_flags=SA_RESTART|SA_SIGINFO
SIGINT: SIG_IGN, sa_mask[0]=00000000000000000000000000000000, sa_flags=none
SIGTERM: [libjvm.dylib+0x47e3dd], sa_mask[0]=11111111011111110111111111111111, sa_flags=SA_RESTART|SA_SIGINFO
SIGQUIT: [libjvm.dylib+0x47e3dd], sa_mask[0]=11111111011111110111111111111111, sa_flags=SA_RESTART|SA_SIGINFO


---------------  S Y S T E M  ---------------

OS:Bsduname:Darwin 15.3.0 Darwin Kernel Version 15.3.0: Thu Dec 10 18:40:58 PST 2015; root:xnu-3248.30.4~1/RELEASE_X86_64 x86_64
rlimit: STACK 8192k, CORE 0k, NPROC 709, NOFILE 10240, AS infinity
load average:2.07 1.86 1.85

CPU:total 4 (2 cores per cpu, 2 threads per core) family 6 model 58 stepping 9, cmov, cx8, fxsr, mmx, sse, sse2, sse3, ssse3, sse4.1, sse4.2, popcnt, avx, aes, clmul, erms, ht, tsc, tscinvbit, tscinv

Memory: 4k page, physical 4194304k(284604k free)

/proc/meminfo:


vm_info: Java HotSpot(TM) 64-Bit Server VM (25.66-b17) for bsd-amd64 JRE (1.8.0_66-b17), built on Oct  6 2015 16:09:13 by "java_re" with gcc 4.2.1 (Based on Apple Inc. build 5658) (LLVM build 2336.11.00)

time: Thu Mar 24 12:53:50 2016
elapsed time: 4324 seconds (0d 1h 12m 4s)

